-------------------------------------------------------------------------------
Test set: com.example.demo.SakhaBootApplicationTests
-------------------------------------------------------------------------------
Tests run: 1, Failures: 0, Errors: 1, Skipped: 0, Time elapsed: 0.356 s <<< FAILURE! - in com.example.demo.SakhaBootApplicationTests
initializationError(com.example.demo.SakhaBootApplicationTests)  Time elapsed: 0.006 s  <<< ERROR!
java.lang.IllegalStateException: Unable to find a @SpringBootConfiguration, you need to use @ContextConfiguration or @SpringBootTest(classes=...) with your test

